<?xml version="1.0" encoding="UTF-8"?>
<!-- Generated by org.testng.reporters.JUnitReportReporter -->
<testsuite hostname="GSI-547563" name="com.decoryourdreams.DecoryOurDreamsTest" tests="3" failures="0" timestamp="30 Oct 2015 15:40:49 GMT" time="44.499" errors="0">
  <testcase name="checkSiteStatus" time="4.896" classname="com.decoryourdreams.DecoryOurDreamsTest"/>
  <testcase name="checkContactUsEmail" time="19.211" classname="com.decoryourdreams.DecoryOurDreamsTest"/>
  <testcase name="checkAllMenus" time="20.392" classname="com.decoryourdreams.DecoryOurDreamsTest"/>
</testsuite> <!-- com.decoryourdreams.DecoryOurDreamsTest -->
