<?xml version="1.0" encoding="UTF-8"?>
<!-- Generated by org.testng.reporters.JUnitReportReporter -->
<testsuite hostname="GSI-547563" name="com.decoryourdreams.DecoryOurDreamsTest" tests="1" failures="0" timestamp="30 Oct 2015 14:43:10 GMT" time="13.333" errors="0">
  <testcase name="checkContactUsEmail" time="13.333" classname="com.decoryourdreams.DecoryOurDreamsTest"/>
</testsuite> <!-- com.decoryourdreams.DecoryOurDreamsTest -->
